Using pre-set license
Built from '2020.2/release' branch; Version is '2020.2.2f1 (068178b99f32) revision 426360'; Using compiler version '192528614'; Build Type 'Release'
OS: 'Windows 10 Home; OS build 19041.928; Version 2004; 64bit' Language: 'en' Physical Memory: 16282 MB
BatchMode: 1, IsHumanControllingUs: 0, StartBugReporterOnCrash: 0, Is64bit: 1, IsPro: 0

 COMMAND LINE ARGUMENTS:
C:\Program Files\Unity\Hub\Editor\2020.2.2f1\Editor\Unity.exe
-adb2
-batchMode
-noUpm
-name
AssetImportWorker0
-projectPath
F:/Github/GenericSavingSystem
-logFile
Logs/AssetImportWorker0.log
-srvPort
52297
Successfully changed project path to: F:/Github/GenericSavingSystem
F:/Github/GenericSavingSystem
Using Asset Import Pipeline V2.
Refreshing native plugins compatible for Editor in 27.52 ms, found 1 plugins.
Preloading 0 native plugins for Editor in 0.00 ms.
Initialize engine version: 2020.2.2f1 (068178b99f32)
[Subsystems] Discovering subsystems at path C:/Program Files/Unity/Hub/Editor/2020.2.2f1/Editor/Data/Resources/UnitySubsystems
[Subsystems] Discovering subsystems at path F:/Github/GenericSavingSystem/Assets
GfxDevice: creating device client; threaded=0
Direct3D:
    Version:  Direct3D 11.0 [level 11.1]
    Renderer: NVIDIA GeForce RTX 3070 (ID=0x2484)
    Vendor:   
    VRAM:     8043 MB
    Driver:   27.21.14.6611
Initialize mono
Mono path[0] = 'C:/Program Files/Unity/Hub/Editor/2020.2.2f1/Editor/Data/Managed'
Mono path[1] = 'C:/Program Files/Unity/Hub/Editor/2020.2.2f1/Editor/Data/MonoBleedingEdge/lib/mono/unityjit'
Mono config path = 'C:/Program Files/Unity/Hub/Editor/2020.2.2f1/Editor/Data/MonoBleedingEdge/etc'
Using monoOptions --debugger-agent=transport=dt_socket,embedding=1,server=y,suspend=n,address=127.0.0.1:56244
Begin MonoManager ReloadAssembly
Registering precompiled unity dll's ...
Register platform support module: C:/Program Files/Unity/Hub/Editor/2020.2.2f1/Editor/Data/PlaybackEngines/WindowsStandaloneSupport/UnityEditor.WindowsStandalone.Extensions.dll
Registered in 0.001295 seconds.
Native extension for WindowsStandalone target not found
Refreshing native plugins compatible for Editor in 27.38 ms, found 1 plugins.
Preloading 0 native plugins for Editor in 0.00 ms.
Invoked RoslynAnalysisRunner static constructor.
RoslynAnalysisRunner will not be running.
RoslynAnalysisRunner has terminated.
Mono: successfully reloaded assembly
- Completed reload, in  1.285 seconds
Platform modules already initialized, skipping
Registering precompiled user dll's ...
Registered in 0.000999 seconds.
Begin MonoManager ReloadAssembly
Native extension for WindowsStandalone target not found
Refreshing native plugins compatible for Editor in 27.43 ms, found 1 plugins.
Preloading 0 native plugins for Editor in 0.00 ms.
Invoked RoslynAnalysisRunner static constructor.
RoslynAnalysisRunner will not be running.
RoslynAnalysisRunner has terminated.
Mono: successfully reloaded assembly
- Completed reload, in  0.692 seconds
Platform modules already initialized, skipping
========================================================================
Worker process is ready to serve import requests
Launched and connected shader compiler UnityShaderCompiler.exe after 0.02 seconds
Refreshing native plugins compatible for Editor in 0.29 ms, found 1 plugins.
Preloading 0 native plugins for Editor in 0.00 ms.
Unloading 1800 Unused Serialized files (Serialized files now loaded: 0)
System memory in use before: 84.4 MB.
System memory in use after: 84.4 MB.

Unloading 27 unused Assets to reduce memory usage. Loaded Objects now: 2238.
Total: 1.786000 ms (FindLiveObjects: 0.253200 ms CreateObjectMapping: 0.069100 ms MarkObjects: 1.367000 ms  DeleteObjects: 0.095300 ms)

========================================================================
Received Import Request.
  path: Assets/Plugins
  artifactKey: Guid(641b423916703b2469ace22879cf0613) Importer(815301076,1909f56bfc062723c751e8b465ee728b)
Start importing Assets/Plugins using Guid(641b423916703b2469ace22879cf0613) Importer(815301076,1909f56bfc062723c751e8b465ee728b)  -> (artifact id: '7c8d670be0f2eae4dd23b622a755d029') in 0.006247 seconds
  Import took 0.009769 seconds .

========================================================================
Received Import Request.
  Time since last request: 97.493018 seconds.
  path: Assets/Plugins/Saving
  artifactKey: Guid(eaac2d5a6d7b9544e974e55ffb5e2819) Importer(815301076,1909f56bfc062723c751e8b465ee728b)
Start importing Assets/Plugins/Saving using Guid(eaac2d5a6d7b9544e974e55ffb5e2819) Importer(815301076,1909f56bfc062723c751e8b465ee728b)  -> (artifact id: 'bfb99a273a07d4431292482b2057a5a2') in 0.005051 seconds
  Import took 0.007733 seconds .

========================================================================
Received Import Request.
  Time since last request: 78.981472 seconds.
  path: Assets/Plugins/New Folder
  artifactKey: Guid(6fd3acba5cea47548824f54f44ee17dc) Importer(815301076,1909f56bfc062723c751e8b465ee728b)
Start importing Assets/Plugins/New Folder using Guid(6fd3acba5cea47548824f54f44ee17dc) Importer(815301076,1909f56bfc062723c751e8b465ee728b)  -> (artifact id: '8bf0c42349d6955933a4815156096cfe') in 0.004945 seconds
  Import took 0.007346 seconds .

========================================================================
Received Import Request.
  Time since last request: 3.091314 seconds.
  path: Assets/Plugins/Saving
  artifactKey: Guid(6fd3acba5cea47548824f54f44ee17dc) Importer(815301076,1909f56bfc062723c751e8b465ee728b)
Start importing Assets/Plugins/Saving using Guid(6fd3acba5cea47548824f54f44ee17dc) Importer(815301076,1909f56bfc062723c751e8b465ee728b)  -> (artifact id: '561e3045ab92c52799ba071c0b121b7e') in 0.001697 seconds
  Import took 0.003950 seconds .

========================================================================
Received Prepare
Registering precompiled user dll's ...
Registered in 0.000922 seconds.
Begin MonoManager ReloadAssembly
Native extension for WindowsStandalone target not found
Refreshing native plugins compatible for Editor in 0.30 ms, found 1 plugins.
Preloading 0 native plugins for Editor in 0.00 ms.
Invoked RoslynAnalysisRunner static constructor.
RoslynAnalysisRunner will not be running.
RoslynAnalysisRunner has terminated.
Mono: successfully reloaded assembly
- Completed reload, in  0.650 seconds
Platform modules already initialized, skipping
Refreshing native plugins compatible for Editor in 0.29 ms, found 1 plugins.
Preloading 0 native plugins for Editor in 0.00 ms.
Unloading 1795 Unused Serialized files (Serialized files now loaded: 0)
System memory in use before: 84.4 MB.
System memory in use after: 84.4 MB.

Unloading 15 unused Assets to reduce memory usage. Loaded Objects now: 2241.
Total: 1.696100 ms (FindLiveObjects: 0.175200 ms CreateObjectMapping: 0.052900 ms MarkObjects: 1.388400 ms  DeleteObjects: 0.079000 ms)

